ThePlantNursery_CleanVersion/thePlantNurseryApp/app/build/intermediates/manifest_merge_blame_file/debug/manifest-merger-blame-debug-report.txt
1<?xml version="1.0" encoding="utf-8"?>
2<manifest xmlns:android="http://schemas.android.com/apk/res/android"
3    package="com.example.plantnursery"
4    android:versionCode="1"
5    android:versionName="1.0" >
6
7    <uses-sdk
8        android:minSdkVersion="15"
8-->src\main\AndroidManifest.xml
9        android:targetSdkVersion="29" />
9-->src\main\AndroidManifest.xml
10
11    <uses-permission android:name="android.permission.INTERNET" />
11-->src\main\AndroidManifest.xml:35:5-67
11-->src\main\AndroidManifest.xml:35:22-64
12    <uses-permission android:name="android.permission.ACCESS_NETWORK_STATE" />
12-->src\main\AndroidManifest.xml:36:5-79
12-->src\main\AndroidManifest.xml:36:22-76
13
14    <application
14-->src\main\AndroidManifest.xml:5:5-32:19
15        android:allowBackup="true"
15-->src\main\AndroidManifest.xml:6:9-35
16        android:appComponentFactory="androidx.core.app.CoreComponentFactory"
16-->[androidx.core:core:1.0.1] AndroidManifest.xml:22:18-86
17        android:debuggable="true"
18        android:icon="@mipmap/ic_launcher"
18-->src\main\AndroidManifest.xml:7:9-43
19        android:label="@string/app_name"
19-->src\main\AndroidManifest.xml:8:9-41
20        android:roundIcon="@mipmap/ic_launcher_round"
20-->src\main\AndroidManifest.xml:9:9-54
21        android:supportsRtl="true"
21-->src\main\AndroidManifest.xml:10:9-35
22        android:testOnly="true"
23        android:theme="@style/AppTheme" >
23-->src\main\AndroidManifest.xml:11:9-40
24        <activity android:name="com.example.plantnursery.MainActivity" >
24-->src\main\AndroidManifest.xml:13:9-19:20
24-->src\main\AndroidManifest.xml:13:19-47
25            <intent-filter>
25-->src\main\AndroidManifest.xml:14:13-18:29
26                <action android:name="android.intent.action.MAIN" />
26-->src\main\AndroidManifest.xml:15:17-69
26-->src\main\AndroidManifest.xml:15:25-66
27
28                <category android:name="android.intent.category.LAUNCHER" />
28-->src\main\AndroidManifest.xml:17:17-77
28-->src\main\AndroidManifest.xml:17:27-74
29            </intent-filter>
30        </activity>
31        <activity android:name="com.example.plantnursery.NotesActivity" />
31-->src\main\AndroidManifest.xml:20:9-50
31-->src\main\AndroidManifest.xml:20:19-48
32        <activity android:name="com.example.plantnursery.NotificationActivity" />
32-->src\main\AndroidManifest.xml:21:9-57
32-->src\main\AndroidManifest.xml:21:19-55
33        <activity android:name="com.example.plantnursery.AddPotActivity" />
33-->src\main\AndroidManifest.xml:22:9-51
33-->src\main\AndroidManifest.xml:22:19-49
34        <activity android:name="com.example.plantnursery.ViewDataActivity" />
34-->src\main\AndroidManifest.xml:23:9-53
34-->src\main\AndroidManifest.xml:23:19-51
35        <activity android:name="com.example.plantnursery.DataTableActivity" />
35-->src\main\AndroidManifest.xml:24:9-54
35-->src\main\AndroidManifest.xml:24:19-52
36        <activity android:name="com.example.plantnursery.ViewStatusActivity" />
36-->src\main\AndroidManifest.xml:25:9-55
36-->src\main\AndroidManifest.xml:25:19-53
37        <activity android:name="com.example.plantnursery.StatusActivity" />
37-->src\main\AndroidManifest.xml:26:9-51
37-->src\main\AndroidManifest.xml:26:19-49
38        <activity android:name="com.example.plantnursery.AddThresholdsActivity" />
38-->src\main\AndroidManifest.xml:27:9-58
38-->src\main\AndroidManifest.xml:27:19-56
39    </application>
40
41</manifest>